
=== Mon Apr 18 14:08:15 2022

Packages were changed.
Update Mode: updateDependencies

The following packages were updated:
  com.unity.collab-proxy from version 1.7.1 to 1.15.7
  com.unity.ext.nunit from version 1.0.0 to 1.0.6
  com.unity.ide.rider from version 1.0.8 to 2.0.7
  com.unity.ide.vscode from version 1.0.7 to 1.2.4
  com.unity.test-framework from version 1.0.13 to 1.1.29
  com.unity.textmeshpro from version 2.0.1 to 3.0.6
The following packages were removed:
  com.unity.package-manager-ui@2.2.0

=== Mon Apr 18 14:59:17 2022

Packages were changed.
Update Mode: updateDependencies

The following packages were updated:
  com.unity.collab-proxy from version 1.7.1 to 1.15.7
  com.unity.ext.nunit from version 1.0.0 to 1.0.6
  com.unity.ide.rider from version 1.0.8 to 2.0.7
  com.unity.ide.vscode from version 1.0.7 to 1.2.4
  com.unity.test-framework from version 1.0.13 to 1.1.29
  com.unity.textmeshpro from version 2.0.1 to 3.0.6
The following packages were removed:
  com.unity.package-manager-ui@2.2.0

=== Sun Jun 12 14:38:31 2022

Packages were changed.
Update Mode: updateDependencies

The following packages were updated:
  com.unity.collab-proxy from version 1.7.1 to 1.15.7
  com.unity.ext.nunit from version 1.0.0 to 1.0.6
  com.unity.ide.rider from version 1.0.8 to 2.0.7
  com.unity.ide.vscode from version 1.0.7 to 1.2.4
  com.unity.test-framework from version 1.0.13 to 1.1.29
  com.unity.textmeshpro from version 2.0.1 to 3.0.6
The following packages were removed:
  com.unity.package-manager-ui@2.2.0
